. \
./build/usr/bin/Xvfb \
./build/usr/local/bin/render \
./build/usr/local/bin/render-xvfb \
/bin/dash \
/bin/ps \
/bin/sh \
/dev/null \
/dev/pts \
/dev/shm/WK2SharedMemory.2321833146 \
/dev/shm/WK2SharedMemory.869723969 \
/dev/urandom \
/etc/drirc \
/etc/fonts/conf.avail/10-antialias.conf \
/etc/fonts/conf.avail/10-hinting-slight.conf \
/etc/fonts/conf.avail/10-hinting.conf \
/etc/fonts/conf.avail/10-scale-bitmap-fonts.conf \
/etc/fonts/conf.avail/11-lcdfilter-default.conf \
/etc/fonts/conf.avail/20-unhint-small-dejavu-lgc-sans-mono.conf \
/etc/fonts/conf.avail/20-unhint-small-dejavu-lgc-sans.conf \
/etc/fonts/conf.avail/20-unhint-small-dejavu-lgc-serif.conf \
/etc/fonts/conf.avail/20-unhint-small-dejavu-sans-mono.conf \
/etc/fonts/conf.avail/20-unhint-small-dejavu-sans.conf \
/etc/fonts/conf.avail/20-unhint-small-dejavu-serif.conf \
/etc/fonts/conf.avail/20-unhint-small-vera.conf \
/etc/fonts/conf.avail/30-metric-aliases.conf \
/etc/fonts/conf.avail/30-urw-aliases.conf \
/etc/fonts/conf.avail/40-nonlatin.conf \
/etc/fonts/conf.avail/45-latin.conf \
/etc/fonts/conf.avail/49-sansserif.conf \
/etc/fonts/conf.avail/50-user.conf \
/etc/fonts/conf.avail/51-local.conf \
/etc/fonts/conf.avail/57-dejavu-sans-mono.conf \
/etc/fonts/conf.avail/57-dejavu-sans.conf \
/etc/fonts/conf.avail/57-dejavu-serif.conf \
/etc/fonts/conf.avail/58-dejavu-lgc-sans-mono.conf \
/etc/fonts/conf.avail/58-dejavu-lgc-sans.conf \
/etc/fonts/conf.avail/58-dejavu-lgc-serif.conf \
/etc/fonts/conf.avail/60-latin.conf \
/etc/fonts/conf.avail/65-fonts-persian.conf \
/etc/fonts/conf.avail/65-nonlatin.conf \
/etc/fonts/conf.avail/69-unifont.conf \
/etc/fonts/conf.avail/70-no-bitmaps.conf \
/etc/fonts/conf.avail/80-delicious.conf \
/etc/fonts/conf.avail/90-synthetic.conf \
/etc/fonts/conf.d \
/etc/fonts/conf.d/10-antialias.conf \
/etc/fonts/conf.d/10-hinting-slight.conf \
/etc/fonts/conf.d/10-hinting.conf \
/etc/fonts/conf.d/10-scale-bitmap-fonts.conf \
/etc/fonts/conf.d/11-lcdfilter-default.conf \
/etc/fonts/conf.d/20-unhint-small-dejavu-lgc-sans-mono.conf \
/etc/fonts/conf.d/20-unhint-small-dejavu-lgc-sans.conf \
/etc/fonts/conf.d/20-unhint-small-dejavu-lgc-serif.conf \
/etc/fonts/conf.d/20-unhint-small-dejavu-sans-mono.conf \
/etc/fonts/conf.d/20-unhint-small-dejavu-sans.conf \
/etc/fonts/conf.d/20-unhint-small-dejavu-serif.conf \
/etc/fonts/conf.d/20-unhint-small-vera.conf \
/etc/fonts/conf.d/30-metric-aliases.conf \
/etc/fonts/conf.d/30-urw-aliases.conf \
/etc/fonts/conf.d/40-nonlatin.conf \
/etc/fonts/conf.d/45-latin.conf \
/etc/fonts/conf.d/49-sansserif.conf \
/etc/fonts/conf.d/50-user.conf \
/etc/fonts/conf.d/51-local.conf \
/etc/fonts/conf.d/57-dejavu-sans-mono.conf \
/etc/fonts/conf.d/57-dejavu-sans.conf \
/etc/fonts/conf.d/57-dejavu-serif.conf \
/etc/fonts/conf.d/58-dejavu-lgc-sans-mono.conf \
/etc/fonts/conf.d/58-dejavu-lgc-sans.conf \
/etc/fonts/conf.d/58-dejavu-lgc-serif.conf \
/etc/fonts/conf.d/60-latin.conf \
/etc/fonts/conf.d/65-fonts-persian.conf \
/etc/fonts/conf.d/65-nonlatin.conf \
/etc/fonts/conf.d/69-unifont.conf \
/etc/fonts/conf.d/70-no-bitmaps.conf \
/etc/fonts/conf.d/80-delicious.conf \
/etc/fonts/conf.d/90-synthetic.conf \
/etc/fonts/fonts.conf \
/etc/gai.conf \
/etc/gtk-3.0/settings.ini \
/etc/host.conf \
/etc/hosts \
/etc/ld.so.cache \
/etc/locale.alias \
/etc/localtime \
/etc/resolv.conf \
/etc/services \
/etc/ssl/certs/ca-certificates.crt \
/lib \
/lib/x86_64-linux-gnu \
/lib/x86_64-linux-gnu/libaudit.so.1 \
/lib/x86_64-linux-gnu/libaudit.so.1.0.0 \
/lib/x86_64-linux-gnu/libbsd.so.0 \
/lib/x86_64-linux-gnu/libbsd.so.0.8.2 \
/lib/x86_64-linux-gnu/libbz2.so.1.0 \
/lib/x86_64-linux-gnu/libbz2.so.1.0.4 \
/lib/x86_64-linux-gnu/libc-2.23.so \
/lib/x86_64-linux-gnu/libc.so.6 \
/lib/x86_64-linux-gnu/libdbus-1.so.3 \
/lib/x86_64-linux-gnu/libdbus-1.so.3.14.6 \
/lib/x86_64-linux-gnu/libdl-2.23.so \
/lib/x86_64-linux-gnu/libdl.so.2 \
/lib/x86_64-linux-gnu/libexpat.so.1 \
/lib/x86_64-linux-gnu/libexpat.so.1.6.0 \
/lib/x86_64-linux-gnu/libgcc_s.so.1 \
/lib/x86_64-linux-gnu/libgcrypt.so.20 \
/lib/x86_64-linux-gnu/libgcrypt.so.20.0.5 \
/lib/x86_64-linux-gnu/libglib-2.0.so.0 \
/lib/x86_64-linux-gnu/libglib-2.0.so.0.4800.0 \
/lib/x86_64-linux-gnu/libgpg-error.so.0 \
/lib/x86_64-linux-gnu/libgpg-error.so.0.17.0 \
/lib/x86_64-linux-gnu/liblzma.so.5 \
/lib/x86_64-linux-gnu/liblzma.so.5.0.0 \
/lib/x86_64-linux-gnu/libm-2.23.so \
/lib/x86_64-linux-gnu/libm.so.6 \
/lib/x86_64-linux-gnu/libnss_dns-2.23.so \
/lib/x86_64-linux-gnu/libnss_dns.so.2 \
/lib/x86_64-linux-gnu/libnss_files-2.23.so \
/lib/x86_64-linux-gnu/libnss_files.so.2 \
/lib/x86_64-linux-gnu/libpcre.so.3 \
/lib/x86_64-linux-gnu/libpcre.so.3.13.2 \
/lib/x86_64-linux-gnu/libpng12.so.0 \
/lib/x86_64-linux-gnu/libpng12.so.0.54.0 \
/lib/x86_64-linux-gnu/libprocps.so.4 \
/lib/x86_64-linux-gnu/libprocps.so.4.0.0 \
/lib/x86_64-linux-gnu/libpthread-2.23.so \
/lib/x86_64-linux-gnu/libpthread.so.0 \
/lib/x86_64-linux-gnu/libresolv-2.23.so \
/lib/x86_64-linux-gnu/libresolv.so.2 \
/lib/x86_64-linux-gnu/librt-2.23.so \
/lib/x86_64-linux-gnu/librt.so.1 \
/lib/x86_64-linux-gnu/libselinux.so.1 \
/lib/x86_64-linux-gnu/libsystemd.so.0 \
/lib/x86_64-linux-gnu/libsystemd.so.0.14.0 \
/lib/x86_64-linux-gnu/libtinfo.so.5 \
/lib/x86_64-linux-gnu/libtinfo.so.5.9 \
/lib/x86_64-linux-gnu/libz.so.1 \
/lib/x86_64-linux-gnu/libz.so.1.2.8 \
/opt \
/opt/gopath \
/opt/gopath/ \
/opt/gopath/build \
/opt/gopath/build/ \
/opt/gopath/build/usr \
/opt/gopath/build/usr/ \
/opt/gopath/build/usr/bin \
/opt/gopath/build/usr/bin/ \
/opt/gopath/build/usr/bin/Xvfb \
/opt/gopath/build/usr/local \
/opt/gopath/build/usr/local/ \
/opt/gopath/build/usr/local/bin \
/opt/gopath/build/usr/local/bin/ \
/opt/gopath/build/usr/local/bin/render \
/opt/gopath/build/usr/local/bin/render-xvfb \
/proc \
/proc/1 \
/proc/1/cmdline \
/proc/1/stat \
/proc/1/status \
/proc/18 \
/proc/18/cmdline \
/proc/18/stat \
/proc/18/status \
/proc/37 \
/proc/37/cmdline \
/proc/37/stat \
/proc/37/status \
/proc/52/cmdline \
/proc/filesystems \
/proc/meminfo \
/proc/self/cmdline \
/proc/self/fd \
/proc/self/maps \
/proc/self/stat \
/proc/self/task \
/proc/sys/kernel/pid_max \
/proc/sys/vm/min_free_kbytes \
/proc/tty/drivers \
/proc/uptime \
/root \
/root/.bash_history \
/root/.cache \
/root/.cache/dconf \
/root/.cache/dconf/user \
/root/.cache/render/webkit/1181947762 \
/root/.cache/render/webkit/1348072209 \
/root/.cache/render/webkit/2527834796 \
/root/.cache/render/webkit/3292459879 \
/root/.cache/render/webkit/761857210 \
/root/.cache/render/webkit/soup.cache2.JSQ1HY \
/root/.cache/render/webkit/soup.cache2.UQGAIY \
/sys/devices/system/cpu/online \
/tmp/.X11-unix/X1 \
/tmp/.tX1-lock \
/usr/bin/xkbcomp \
/usr/lib \
/usr/lib/x86_64-linux-gnu \
/usr/lib/x86_64-linux-gnu/dri/swrast_dri.so \
/usr/lib/x86_64-linux-gnu/gconv/gconv-modules.cache \
/usr/lib/x86_64-linux-gnu/gdk-pixbuf-2.0/2.10.0/loaders.cache \
/usr/lib/x86_64-linux-gnu/gio/modules \
/usr/lib/x86_64-linux-gnu/gio/modules/giomodule.cache \
/usr/lib/x86_64-linux-gnu/gio/modules/libdconfsettings.so \
/usr/lib/x86_64-linux-gnu/gio/modules/libgiognomeproxy.so \
/usr/lib/x86_64-linux-gnu/gio/modules/libgiognutls.so \
/usr/lib/x86_64-linux-gnu/gio/modules/libgiolibproxy.so \
/usr/lib/x86_64-linux-gnu/libLLVM-3.8.so.1 \
/usr/lib/x86_64-linux-gnu/libX11-xcb.so.1 \
/usr/lib/x86_64-linux-gnu/libX11-xcb.so.1.0.0 \
/usr/lib/x86_64-linux-gnu/libX11.so.6 \
/usr/lib/x86_64-linux-gnu/libX11.so.6.3.0 \
/usr/lib/x86_64-linux-gnu/libXau.so.6 \
/usr/lib/x86_64-linux-gnu/libXau.so.6.0.0 \
/usr/lib/x86_64-linux-gnu/libXcomposite.so.1 \
/usr/lib/x86_64-linux-gnu/libXcomposite.so.1.0.0 \
/usr/lib/x86_64-linux-gnu/libXcursor.so.1 \
/usr/lib/x86_64-linux-gnu/libXcursor.so.1.0.2 \
/usr/lib/x86_64-linux-gnu/libXdamage.so.1 \
/usr/lib/x86_64-linux-gnu/libXdamage.so.1.1.0 \
/usr/lib/x86_64-linux-gnu/libXdmcp.so.6 \
/usr/lib/x86_64-linux-gnu/libXdmcp.so.6.0.0 \
/usr/lib/x86_64-linux-gnu/libXext.so.6 \
/usr/lib/x86_64-linux-gnu/libXext.so.6.4.0 \
/usr/lib/x86_64-linux-gnu/libXfixes.so.3 \
/usr/lib/x86_64-linux-gnu/libXfixes.so.3.1.0 \
/usr/lib/x86_64-linux-gnu/libXfont.so.1 \
/usr/lib/x86_64-linux-gnu/libXfont.so.1.4.1 \
/usr/lib/x86_64-linux-gnu/libXi.so.6 \
/usr/lib/x86_64-linux-gnu/libXi.so.6.1.0 \
/usr/lib/x86_64-linux-gnu/libXinerama.so.1 \
/usr/lib/x86_64-linux-gnu/libXinerama.so.1.0.0 \
/usr/lib/x86_64-linux-gnu/libXrandr.so.2 \
/usr/lib/x86_64-linux-gnu/libXrandr.so.2.2.0 \
/usr/lib/x86_64-linux-gnu/libXrender.so.1 \
/usr/lib/x86_64-linux-gnu/libXrender.so.1.3.0 \
/usr/lib/x86_64-linux-gnu/libXxf86vm.so.1 \
/usr/lib/x86_64-linux-gnu/libXxf86vm.so.1.0.0 \
/usr/lib/x86_64-linux-gnu/libatk-1.0.so.0 \
/usr/lib/x86_64-linux-gnu/libatk-1.0.so.0.21809.1 \
/usr/lib/x86_64-linux-gnu/libatk-bridge-2.0.so.0 \
/usr/lib/x86_64-linux-gnu/libatk-bridge-2.0.so.0.0.0 \
/usr/lib/x86_64-linux-gnu/libatspi.so.0 \
/usr/lib/x86_64-linux-gnu/libatspi.so.0.0.1 \
/usr/lib/x86_64-linux-gnu/libboost_filesystem.so.1.58.0 \
/usr/lib/x86_64-linux-gnu/libboost_system.so.1.58.0 \
/usr/lib/x86_64-linux-gnu/libcairo-gobject.so.2 \
/usr/lib/x86_64-linux-gnu/libcairo-gobject.so.2.11400.6 \
/usr/lib/x86_64-linux-gnu/libcairo.so.2 \
/usr/lib/x86_64-linux-gnu/libcairo.so.2.11400.6 \
/usr/lib/x86_64-linux-gnu/libdatrie.so.1 \
/usr/lib/x86_64-linux-gnu/libdatrie.so.1.3.3 \
/usr/lib/x86_64-linux-gnu/libdbus-glib-1.so.2 \
/usr/lib/x86_64-linux-gnu/libdbus-glib-1.so.2.3.3 \
/usr/lib/x86_64-linux-gnu/libdrm.so.2 \
/usr/lib/x86_64-linux-gnu/libdrm.so.2.4.0 \
/usr/lib/x86_64-linux-gnu/libdrm_amdgpu.so.1 \
/usr/lib/x86_64-linux-gnu/libdrm_amdgpu.so.1.0.0 \
/usr/lib/x86_64-linux-gnu/libdrm_nouveau.so.2 \
/usr/lib/x86_64-linux-gnu/libdrm_nouveau.so.2.0.0 \
/usr/lib/x86_64-linux-gnu/libdrm_radeon.so.1 \
/usr/lib/x86_64-linux-gnu/libdrm_radeon.so.1.0.1 \
/usr/lib/x86_64-linux-gnu/libedit.so.2 \
/usr/lib/x86_64-linux-gnu/libedit.so.2.0.53 \
/usr/lib/x86_64-linux-gnu/libelf-0.165.so \
/usr/lib/x86_64-linux-gnu/libelf.so.1 \
/usr/lib/x86_64-linux-gnu/libenchant.so.1 \
/usr/lib/x86_64-linux-gnu/libenchant.so.1.6.0 \
/usr/lib/x86_64-linux-gnu/libepoxy.so.0 \
/usr/lib/x86_64-linux-gnu/libepoxy.so.0.0.0 \
/usr/lib/x86_64-linux-gnu/libffi.so.6 \
/usr/lib/x86_64-linux-gnu/libffi.so.6.0.4 \
/usr/lib/x86_64-linux-gnu/libfontconfig.so.1 \
/usr/lib/x86_64-linux-gnu/libfontconfig.so.1.9.0 \
/usr/lib/x86_64-linux-gnu/libfontenc.so.1 \
/usr/lib/x86_64-linux-gnu/libfontenc.so.1.0.0 \
/usr/lib/x86_64-linux-gnu/libfreetype.so.6 \
/usr/lib/x86_64-linux-gnu/libfreetype.so.6.12.1 \
/usr/lib/x86_64-linux-gnu/libgbm.so.1 \
/usr/lib/x86_64-linux-gnu/libgbm.so.1.0.0 \
/usr/lib/x86_64-linux-gnu/libgdk-3.so.0 \
/usr/lib/x86_64-linux-gnu/libgdk-3.so.0.1800.9 \
/usr/lib/x86_64-linux-gnu/libgdk_pixbuf-2.0.so.0 \
/usr/lib/x86_64-linux-gnu/libgdk_pixbuf-2.0.so.0.3200.2 \
/usr/lib/x86_64-linux-gnu/libgeoclue.so.0 \
/usr/lib/x86_64-linux-gnu/libgeoclue.so.0.0.0 \
/usr/lib/x86_64-linux-gnu/libgio-2.0.so.0 \
/usr/lib/x86_64-linux-gnu/libgio-2.0.so.0.4800.0 \
/usr/lib/x86_64-linux-gnu/libglapi.so.0 \
/usr/lib/x86_64-linux-gnu/libglapi.so.0.0.0 \
/usr/lib/x86_64-linux-gnu/libgmodule-2.0.so.0 \
/usr/lib/x86_64-linux-gnu/libgmodule-2.0.so.0.4800.0 \
/usr/lib/x86_64-linux-gnu/libgmp.so.10 \
/usr/lib/x86_64-linux-gnu/libgmp.so.10.3.0 \
/usr/lib/x86_64-linux-gnu/libgnutls.so.30 \
/usr/lib/x86_64-linux-gnu/libgnutls.so.30.6.2 \
/usr/lib/x86_64-linux-gnu/libgobject-2.0.so.0 \
/usr/lib/x86_64-linux-gnu/libgobject-2.0.so.0.4800.0 \
/usr/lib/x86_64-linux-gnu/libgraphite2.so.3 \
/usr/lib/x86_64-linux-gnu/libgraphite2.so.3.0.1 \
/usr/lib/x86_64-linux-gnu/libgstapp-1.0.so.0 \
/usr/lib/x86_64-linux-gnu/libgstapp-1.0.so.0.801.0 \
/usr/lib/x86_64-linux-gnu/libgstaudio-1.0.so.0 \
/usr/lib/x86_64-linux-gnu/libgstaudio-1.0.so.0.801.0 \
/usr/lib/x86_64-linux-gnu/libgstbase-1.0.so.0 \
/usr/lib/x86_64-linux-gnu/libgstbase-1.0.so.0.801.0 \
/usr/lib/x86_64-linux-gnu/libgstfft-1.0.so.0 \
/usr/lib/x86_64-linux-gnu/libgstfft-1.0.so.0.801.0 \
/usr/lib/x86_64-linux-gnu/libgstpbutils-1.0.so.0 \
/usr/lib/x86_64-linux-gnu/libgstpbutils-1.0.so.0.801.0 \
/usr/lib/x86_64-linux-gnu/libgstreamer-1.0.so.0 \
/usr/lib/x86_64-linux-gnu/libgstreamer-1.0.so.0.801.0 \
/usr/lib/x86_64-linux-gnu/libgsttag-1.0.so.0 \
/usr/lib/x86_64-linux-gnu/libgsttag-1.0.so.0.801.0 \
/usr/lib/x86_64-linux-gnu/libgstvideo-1.0.so.0 \
/usr/lib/x86_64-linux-gnu/libgstvideo-1.0.so.0.801.0 \
/usr/lib/x86_64-linux-gnu/libgtk-3.so.0 \
/usr/lib/x86_64-linux-gnu/libgtk-3.so.0.1800.9 \
/usr/lib/x86_64-linux-gnu/libharfbuzz-icu.so.0 \
/usr/lib/x86_64-linux-gnu/libharfbuzz-icu.so.0.10000.1 \
/usr/lib/x86_64-linux-gnu/libharfbuzz.so.0 \
/usr/lib/x86_64-linux-gnu/libharfbuzz.so.0.10000.1 \
/usr/lib/x86_64-linux-gnu/libhogweed.so.4 \
/usr/lib/x86_64-linux-gnu/libhogweed.so.4.2 \
/usr/lib/x86_64-linux-gnu/libhyphen.so.0 \
/usr/lib/x86_64-linux-gnu/libhyphen.so.0.3.0 \
/usr/lib/x86_64-linux-gnu/libicudata.so.55 \
/usr/lib/x86_64-linux-gnu/libicudata.so.55.1 \
/usr/lib/x86_64-linux-gnu/libicui18n.so.55 \
/usr/lib/x86_64-linux-gnu/libicui18n.so.55.1 \
/usr/lib/x86_64-linux-gnu/libicuuc.so.55 \
/usr/lib/x86_64-linux-gnu/libicuuc.so.55.1 \
/usr/lib/x86_64-linux-gnu/libidn.so.11 \
/usr/lib/x86_64-linux-gnu/libidn.so.11.6.15 \
/usr/lib/x86_64-linux-gnu/libjavascriptcoregtk-4.0.so.18 \
/usr/lib/x86_64-linux-gnu/libjavascriptcoregtk-4.0.so.18.2.17 \
/usr/lib/x86_64-linux-gnu/libjpeg.so.8 \
/usr/lib/x86_64-linux-gnu/libjpeg.so.8.0.2 \
/usr/lib/x86_64-linux-gnu/libmirclient.so.9 \
/usr/lib/x86_64-linux-gnu/libmircommon.so.5 \
/usr/lib/x86_64-linux-gnu/libmirprotobuf.so.3 \
/usr/lib/x86_64-linux-gnu/libnettle.so.6 \
/usr/lib/x86_64-linux-gnu/libnettle.so.6.2 \
/usr/lib/x86_64-linux-gnu/libnotify.so.4 \
/usr/lib/x86_64-linux-gnu/libnotify.so.4.0.0 \
/usr/lib/x86_64-linux-gnu/liborc-0.4.so.0 \
/usr/lib/x86_64-linux-gnu/liborc-0.4.so.0.25.0 \
/usr/lib/x86_64-linux-gnu/libp11-kit.so.0 \
/usr/lib/x86_64-linux-gnu/libp11-kit.so.0.1.0 \
/usr/lib/x86_64-linux-gnu/libpango-1.0.so.0 \
/usr/lib/x86_64-linux-gnu/libpango-1.0.so.0.3800.1 \
/usr/lib/x86_64-linux-gnu/libpangocairo-1.0.so.0 \
/usr/lib/x86_64-linux-gnu/libpangocairo-1.0.so.0.3800.1 \
/usr/lib/x86_64-linux-gnu/libpangoft2-1.0.so.0 \
/usr/lib/x86_64-linux-gnu/libpangoft2-1.0.so.0.3800.1 \
/usr/lib/x86_64-linux-gnu/libpixman-1.so.0 \
/usr/lib/x86_64-linux-gnu/libpixman-1.so.0.33.6 \
/usr/lib/x86_64-linux-gnu/libprotobuf-lite.so.9 \
/usr/lib/x86_64-linux-gnu/libprotobuf-lite.so.9.0.1 \
/usr/lib/x86_64-linux-gnu/libproxy.so.1 \
/usr/lib/x86_64-linux-gnu/libproxy.so.1.0.0 \
/usr/lib/x86_64-linux-gnu/libsecret-1.so.0 \
/usr/lib/x86_64-linux-gnu/libsecret-1.so.0.0.0 \
/usr/lib/x86_64-linux-gnu/libsoup-2.4.so.1 \
/usr/lib/x86_64-linux-gnu/libsoup-2.4.so.1.7.0 \
/usr/lib/x86_64-linux-gnu/libsqlite3.so.0 \
/usr/lib/x86_64-linux-gnu/libsqlite3.so.0.8.6 \
/usr/lib/x86_64-linux-gnu/libstdc++.so.6 \
/usr/lib/x86_64-linux-gnu/libstdc++.so.6.0.21 \
/usr/lib/x86_64-linux-gnu/libtasn1.so.6 \
/usr/lib/x86_64-linux-gnu/libtasn1.so.6.5.1 \
/usr/lib/x86_64-linux-gnu/libthai.so.0 \
/usr/lib/x86_64-linux-gnu/libthai.so.0.2.4 \
/usr/lib/x86_64-linux-gnu/libtxc_dxtn.so \
/usr/lib/x86_64-linux-gnu/libtxc_dxtn_s2tc.so.0.0.0 \
/usr/lib/x86_64-linux-gnu/libwayland-client.so.0 \
/usr/lib/x86_64-linux-gnu/libwayland-client.so.0.3.0 \
/usr/lib/x86_64-linux-gnu/libwayland-cursor.so.0 \
/usr/lib/x86_64-linux-gnu/libwayland-cursor.so.0.0.0 \
/usr/lib/x86_64-linux-gnu/libwayland-egl.so.1 \
/usr/lib/x86_64-linux-gnu/libwayland-egl.so.1.0.0 \
/usr/lib/x86_64-linux-gnu/libwayland-server.so.0 \
/usr/lib/x86_64-linux-gnu/libwayland-server.so.0.1.0 \
/usr/lib/x86_64-linux-gnu/libwebkit2gtk-4.0.so.37 \
/usr/lib/x86_64-linux-gnu/libwebkit2gtk-4.0.so.37.11.12 \
/usr/lib/x86_64-linux-gnu/libwebp.so.5 \
/usr/lib/x86_64-linux-gnu/libwebp.so.5.0.4 \
/usr/lib/x86_64-linux-gnu/libxcb-dri2.so.0 \
/usr/lib/x86_64-linux-gnu/libxcb-dri2.so.0.0.0 \
/usr/lib/x86_64-linux-gnu/libxcb-dri3.so.0 \
/usr/lib/x86_64-linux-gnu/libxcb-dri3.so.0.0.0 \
/usr/lib/x86_64-linux-gnu/libxcb-glx.so.0 \
/usr/lib/x86_64-linux-gnu/libxcb-glx.so.0.0.0 \
/usr/lib/x86_64-linux-gnu/libxcb-present.so.0 \
/usr/lib/x86_64-linux-gnu/libxcb-present.so.0.0.0 \
/usr/lib/x86_64-linux-gnu/libxcb-render.so.0 \
/usr/lib/x86_64-linux-gnu/libxcb-render.so.0.0.0 \
/usr/lib/x86_64-linux-gnu/libxcb-shm.so.0 \
/usr/lib/x86_64-linux-gnu/libxcb-shm.so.0.0.0 \
/usr/lib/x86_64-linux-gnu/libxcb-sync.so.1 \
/usr/lib/x86_64-linux-gnu/libxcb-sync.so.1.0.0 \
/usr/lib/x86_64-linux-gnu/libxcb-xfixes.so.0 \
/usr/lib/x86_64-linux-gnu/libxcb-xfixes.so.0.0.0 \
/usr/lib/x86_64-linux-gnu/libxcb.so.1 \
/usr/lib/x86_64-linux-gnu/libxcb.so.1.1.0 \
/usr/lib/x86_64-linux-gnu/libxkbcommon.so.0 \
/usr/lib/x86_64-linux-gnu/libxkbcommon.so.0.0.0 \
/usr/lib/x86_64-linux-gnu/libxkbfile.so.1 \
/usr/lib/x86_64-linux-gnu/libxkbfile.so.1.0.2 \
/usr/lib/x86_64-linux-gnu/libxml2.so.2 \
/usr/lib/x86_64-linux-gnu/libxml2.so.2.9.3 \
/usr/lib/x86_64-linux-gnu/libxshmfence.so.1 \
/usr/lib/x86_64-linux-gnu/libxshmfence.so.1.0.0 \
/usr/lib/x86_64-linux-gnu/libxslt.so.1 \
/usr/lib/x86_64-linux-gnu/libxslt.so.1.1.28 \
/usr/lib/x86_64-linux-gnu/mesa-egl/libEGL.so.1 \
/usr/lib/x86_64-linux-gnu/mesa-egl/libEGL.so.1.0.0 \
/usr/lib/x86_64-linux-gnu/mesa/libGL.so.1 \
/usr/lib/x86_64-linux-gnu/mesa/libGL.so.1.2.0 \
/usr/lib/xorg/protocol.txt \
/usr/local/share/fonts \
/usr/share/X11/xkb/compat/accessx \
/usr/share/X11/xkb/compat/basic \
/usr/share/X11/xkb/compat/caps \
/usr/share/X11/xkb/compat/complete \
/usr/share/X11/xkb/compat/iso9995 \
/usr/share/X11/xkb/compat/ledcaps \
/usr/share/X11/xkb/compat/lednum \
/usr/share/X11/xkb/compat/ledscroll \
/usr/share/X11/xkb/compat/level5 \
/usr/share/X11/xkb/compat/misc \
/usr/share/X11/xkb/compat/mousekeys \
/usr/share/X11/xkb/compat/xfree86 \
/usr/share/X11/xkb/geometry/pc \
/usr/share/X11/xkb/keycodes/aliases \
/usr/share/X11/xkb/keycodes/evdev \
/usr/share/X11/xkb/rules/evdev \
/usr/share/X11/xkb/symbols/altwin \
/usr/share/X11/xkb/symbols/inet \
/usr/share/X11/xkb/symbols/keypad \
/usr/share/X11/xkb/symbols/pc \
/usr/share/X11/xkb/symbols/srvr_ctrl \
/usr/share/X11/xkb/symbols/us \
/usr/share/X11/xkb/types/basic \
/usr/share/X11/xkb/types/complete \
/usr/share/X11/xkb/types/extra \
/usr/share/X11/xkb/types/iso9995 \
/usr/share/X11/xkb/types/level5 \
/usr/share/X11/xkb/types/mousekeys \
/usr/share/X11/xkb/types/numpad \
/usr/share/X11/xkb/types/pc \
/usr/share/fonts \
/usr/share/fonts/X11 \
/usr/share/fonts/X11/encodings \
/usr/share/fonts/X11/encodings/adobe-dingbats.enc.gz \
/usr/share/fonts/X11/encodings/adobe-standard.enc.gz \
/usr/share/fonts/X11/encodings/adobe-symbol.enc.gz \
/usr/share/fonts/X11/encodings/armscii-8.enc.gz \
/usr/share/fonts/X11/encodings/ascii-0.enc.gz \
/usr/share/fonts/X11/encodings/dec-special.enc.gz \
/usr/share/fonts/X11/encodings/encodings.dir \
/usr/share/fonts/X11/encodings/ibm-cp437.enc.gz \
/usr/share/fonts/X11/encodings/ibm-cp850.enc.gz \
/usr/share/fonts/X11/encodings/ibm-cp852.enc.gz \
/usr/share/fonts/X11/encodings/ibm-cp866.enc.gz \
/usr/share/fonts/X11/encodings/iso8859-11.enc.gz \
/usr/share/fonts/X11/encodings/iso8859-13.enc.gz \
/usr/share/fonts/X11/encodings/iso8859-16.enc.gz \
/usr/share/fonts/X11/encodings/iso8859-6.16.enc.gz \
/usr/share/fonts/X11/encodings/iso8859-6.8x.enc.gz \
/usr/share/fonts/X11/encodings/large \
/usr/share/fonts/X11/encodings/large/big5.eten-0.enc.gz \
/usr/share/fonts/X11/encodings/large/big5hkscs-0.enc.gz \
/usr/share/fonts/X11/encodings/large/cns11643-1.enc.gz \
/usr/share/fonts/X11/encodings/large/cns11643-2.enc.gz \
/usr/share/fonts/X11/encodings/large/cns11643-3.enc.gz \
/usr/share/fonts/X11/encodings/large/encodings.dir \
/usr/share/fonts/X11/encodings/large/gb18030-0.enc.gz \
/usr/share/fonts/X11/encodings/large/gb18030.2000-0.enc.gz \
/usr/share/fonts/X11/encodings/large/gb18030.2000-1.enc.gz \
/usr/share/fonts/X11/encodings/large/gb2312.1980-0.enc.gz \
/usr/share/fonts/X11/encodings/large/gbk-0.enc.gz \
/usr/share/fonts/X11/encodings/large/jisx0201.1976-0.enc.gz \
/usr/share/fonts/X11/encodings/large/jisx0208.1990-0.enc.gz \
/usr/share/fonts/X11/encodings/large/jisx0212.1990-0.enc.gz \
/usr/share/fonts/X11/encodings/large/ksc5601.1987-0.enc.gz \
/usr/share/fonts/X11/encodings/large/ksc5601.1992-3.enc.gz \
/usr/share/fonts/X11/encodings/large/sun.unicode.india-0.enc.gz \
/usr/share/fonts/X11/encodings/microsoft-cp1250.enc.gz \
/usr/share/fonts/X11/encodings/microsoft-cp1251.enc.gz \
/usr/share/fonts/X11/encodings/microsoft-cp1252.enc.gz \
/usr/share/fonts/X11/encodings/microsoft-cp1253.enc.gz \
/usr/share/fonts/X11/encodings/microsoft-cp1254.enc.gz \
/usr/share/fonts/X11/encodings/microsoft-cp1255.enc.gz \
/usr/share/fonts/X11/encodings/microsoft-cp1256.enc.gz \
/usr/share/fonts/X11/encodings/microsoft-cp1257.enc.gz \
/usr/share/fonts/X11/encodings/microsoft-cp1258.enc.gz \
/usr/share/fonts/X11/encodings/microsoft-win3.1.enc.gz \
/usr/share/fonts/X11/encodings/mulearabic-0.enc.gz \
/usr/share/fonts/X11/encodings/mulearabic-1.enc.gz \
/usr/share/fonts/X11/encodings/mulearabic-2.enc.gz \
/usr/share/fonts/X11/encodings/mulelao-1.enc.gz \
/usr/share/fonts/X11/encodings/suneu-greek.enc.gz \
/usr/share/fonts/X11/encodings/tcvn-0.enc.gz \
/usr/share/fonts/X11/encodings/tis620-2.enc.gz \
/usr/share/fonts/X11/encodings/viscii1.1-1.enc.gz \
/usr/share/fonts/X11/misc \
/usr/share/fonts/X11/misc/10x20-ISO8859-1.pcf.gz \
/usr/share/fonts/X11/misc/10x20-ISO8859-10.pcf.gz \
/usr/share/fonts/X11/misc/10x20-ISO8859-11.pcf.gz \
/usr/share/fonts/X11/misc/10x20-ISO8859-13.pcf.gz \
/usr/share/fonts/X11/misc/10x20-ISO8859-14.pcf.gz \
/usr/share/fonts/X11/misc/10x20-ISO8859-15.pcf.gz \
/usr/share/fonts/X11/misc/10x20-ISO8859-16.pcf.gz \
/usr/share/fonts/X11/misc/10x20-ISO8859-2.pcf.gz \
/usr/share/fonts/X11/misc/10x20-ISO8859-3.pcf.gz \
/usr/share/fonts/X11/misc/10x20-ISO8859-4.pcf.gz \
/usr/share/fonts/X11/misc/10x20-ISO8859-5.pcf.gz \
/usr/share/fonts/X11/misc/10x20-ISO8859-7.pcf.gz \
/usr/share/fonts/X11/misc/10x20-ISO8859-8.pcf.gz \
/usr/share/fonts/X11/misc/10x20-ISO8859-9.pcf.gz \
/usr/share/fonts/X11/misc/10x20-KOI8-R.pcf.gz \
/usr/share/fonts/X11/misc/10x20.pcf.gz \
/usr/share/fonts/X11/misc/12x13ja.pcf.gz \
/usr/share/fonts/X11/misc/12x24.pcf.gz \
/usr/share/fonts/X11/misc/12x24rk.pcf.gz \
/usr/share/fonts/X11/misc/18x18ja.pcf.gz \
/usr/share/fonts/X11/misc/18x18ko.pcf.gz \
/usr/share/fonts/X11/misc/4x6-ISO8859-1.pcf.gz \
/usr/share/fonts/X11/misc/4x6-ISO8859-10.pcf.gz \
/usr/share/fonts/X11/misc/4x6-ISO8859-13.pcf.gz \
/usr/share/fonts/X11/misc/4x6-ISO8859-14.pcf.gz \
/usr/share/fonts/X11/misc/4x6-ISO8859-15.pcf.gz \
/usr/share/fonts/X11/misc/4x6-ISO8859-16.pcf.gz \
/usr/share/fonts/X11/misc/4x6-ISO8859-2.pcf.gz \
/usr/share/fonts/X11/misc/4x6-ISO8859-3.pcf.gz \
/usr/share/fonts/X11/misc/4x6-ISO8859-4.pcf.gz \
/usr/share/fonts/X11/misc/4x6-ISO8859-5.pcf.gz \
/usr/share/fonts/X11/misc/4x6-ISO8859-7.pcf.gz \
/usr/share/fonts/X11/misc/4x6-ISO8859-8.pcf.gz \
/usr/share/fonts/X11/misc/4x6-ISO8859-9.pcf.gz \
/usr/share/fonts/X11/misc/4x6-KOI8-R.pcf.gz \
/usr/share/fonts/X11/misc/4x6.pcf.gz \
/usr/share/fonts/X11/misc/5x7-ISO8859-1.pcf.gz \
/usr/share/fonts/X11/misc/5x7-ISO8859-10.pcf.gz \
/usr/share/fonts/X11/misc/5x7-ISO8859-13.pcf.gz \
/usr/share/fonts/X11/misc/5x7-ISO8859-14.pcf.gz \
/usr/share/fonts/X11/misc/5x7-ISO8859-15.pcf.gz \
/usr/share/fonts/X11/misc/5x7-ISO8859-16.pcf.gz \
/usr/share/fonts/X11/misc/5x7-ISO8859-2.pcf.gz \
/usr/share/fonts/X11/misc/5x7-ISO8859-3.pcf.gz \
/usr/share/fonts/X11/misc/5x7-ISO8859-4.pcf.gz \
/usr/share/fonts/X11/misc/5x7-ISO8859-5.pcf.gz \
/usr/share/fonts/X11/misc/5x7-ISO8859-7.pcf.gz \
/usr/share/fonts/X11/misc/5x7-ISO8859-8.pcf.gz \
/usr/share/fonts/X11/misc/5x7-ISO8859-9.pcf.gz \
/usr/share/fonts/X11/misc/5x7-KOI8-R.pcf.gz \
/usr/share/fonts/X11/misc/5x7.pcf.gz \
/usr/share/fonts/X11/misc/5x8-ISO8859-1.pcf.gz \
/usr/share/fonts/X11/misc/5x8-ISO8859-10.pcf.gz \
/usr/share/fonts/X11/misc/5x8-ISO8859-13.pcf.gz \
/usr/share/fonts/X11/misc/5x8-ISO8859-14.pcf.gz \
/usr/share/fonts/X11/misc/5x8-ISO8859-15.pcf.gz \
/usr/share/fonts/X11/misc/5x8-ISO8859-16.pcf.gz \
/usr/share/fonts/X11/misc/5x8-ISO8859-2.pcf.gz \
/usr/share/fonts/X11/misc/5x8-ISO8859-3.pcf.gz \
/usr/share/fonts/X11/misc/5x8-ISO8859-4.pcf.gz \
/usr/share/fonts/X11/misc/5x8-ISO8859-5.pcf.gz \
/usr/share/fonts/X11/misc/5x8-ISO8859-7.pcf.gz \
/usr/share/fonts/X11/misc/5x8-ISO8859-8.pcf.gz \
/usr/share/fonts/X11/misc/5x8-ISO8859-9.pcf.gz \
/usr/share/fonts/X11/misc/5x8-KOI8-R.pcf.gz \
/usr/share/fonts/X11/misc/5x8.pcf.gz \
/usr/share/fonts/X11/misc/6x10-ISO8859-1.pcf.gz \
/usr/share/fonts/X11/misc/6x10-ISO8859-10.pcf.gz \
/usr/share/fonts/X11/misc/6x10-ISO8859-13.pcf.gz \
/usr/share/fonts/X11/misc/6x10-ISO8859-14.pcf.gz \
/usr/share/fonts/X11/misc/6x10-ISO8859-15.pcf.gz \
/usr/share/fonts/X11/misc/6x10-ISO8859-16.pcf.gz \
/usr/share/fonts/X11/misc/6x10-ISO8859-2.pcf.gz \
/usr/share/fonts/X11/misc/6x10-ISO8859-3.pcf.gz \
/usr/share/fonts/X11/misc/6x10-ISO8859-4.pcf.gz \
/usr/share/fonts/X11/misc/6x10-ISO8859-5.pcf.gz \
/usr/share/fonts/X11/misc/6x10-ISO8859-7.pcf.gz \
/usr/share/fonts/X11/misc/6x10-ISO8859-8.pcf.gz \
/usr/share/fonts/X11/misc/6x10-ISO8859-9.pcf.gz \
/usr/share/fonts/X11/misc/6x10-KOI8-R.pcf.gz \
/usr/share/fonts/X11/misc/6x10.pcf.gz \
/usr/share/fonts/X11/misc/6x12-ISO8859-1.pcf.gz \
/usr/share/fonts/X11/misc/6x12-ISO8859-10.pcf.gz \
/usr/share/fonts/X11/misc/6x12-ISO8859-13.pcf.gz \
/usr/share/fonts/X11/misc/6x12-ISO8859-14.pcf.gz \
/usr/share/fonts/X11/misc/6x12-ISO8859-15.pcf.gz \
/usr/share/fonts/X11/misc/6x12-ISO8859-16.pcf.gz \
/usr/share/fonts/X11/misc/6x12-ISO8859-2.pcf.gz \
/usr/share/fonts/X11/misc/6x12-ISO8859-3.pcf.gz \
/usr/share/fonts/X11/misc/6x12-ISO8859-4.pcf.gz \
/usr/share/fonts/X11/misc/6x12-ISO8859-5.pcf.gz \
/usr/share/fonts/X11/misc/6x12-ISO8859-7.pcf.gz \
/usr/share/fonts/X11/misc/6x12-ISO8859-8.pcf.gz \
/usr/share/fonts/X11/misc/6x12-ISO8859-9.pcf.gz \
/usr/share/fonts/X11/misc/6x12-KOI8-R.pcf.gz \
/usr/share/fonts/X11/misc/6x12.pcf.gz \
/usr/share/fonts/X11/misc/6x13-ISO8859-1.pcf.gz \
/usr/share/fonts/X11/misc/6x13-ISO8859-10.pcf.gz \
/usr/share/fonts/X11/misc/6x13-ISO8859-11.pcf.gz \
/usr/share/fonts/X11/misc/6x13-ISO8859-13.pcf.gz \
/usr/share/fonts/X11/misc/6x13-ISO8859-14.pcf.gz \
/usr/share/fonts/X11/misc/6x13-ISO8859-15.pcf.gz \
/usr/share/fonts/X11/misc/6x13-ISO8859-16.pcf.gz \
/usr/share/fonts/X11/misc/6x13-ISO8859-2.pcf.gz \
/usr/share/fonts/X11/misc/6x13-ISO8859-3.pcf.gz \
/usr/share/fonts/X11/misc/6x13-ISO8859-4.pcf.gz \
/usr/share/fonts/X11/misc/6x13-ISO8859-5.pcf.gz \
/usr/share/fonts/X11/misc/6x13-ISO8859-7.pcf.gz \
/usr/share/fonts/X11/misc/6x13-ISO8859-8.pcf.gz \
/usr/share/fonts/X11/misc/6x13-ISO8859-9.pcf.gz \
/usr/share/fonts/X11/misc/6x13-KOI8-R.pcf.gz \
/usr/share/fonts/X11/misc/6x13.pcf.gz \
/usr/share/fonts/X11/misc/6x13B-ISO8859-1.pcf.gz \
/usr/share/fonts/X11/misc/6x13B-ISO8859-10.pcf.gz \
/usr/share/fonts/X11/misc/6x13B-ISO8859-13.pcf.gz \
/usr/share/fonts/X11/misc/6x13B-ISO8859-14.pcf.gz \
/usr/share/fonts/X11/misc/6x13B-ISO8859-15.pcf.gz \
/usr/share/fonts/X11/misc/6x13B-ISO8859-16.pcf.gz \
/usr/share/fonts/X11/misc/6x13B-ISO8859-2.pcf.gz \
/usr/share/fonts/X11/misc/6x13B-ISO8859-3.pcf.gz \
/usr/share/fonts/X11/misc/6x13B-ISO8859-4.pcf.gz \
/usr/share/fonts/X11/misc/6x13B-ISO8859-5.pcf.gz \
/usr/share/fonts/X11/misc/6x13B-ISO8859-7.pcf.gz \
/usr/share/fonts/X11/misc/6x13B-ISO8859-8.pcf.gz \
/usr/share/fonts/X11/misc/6x13B-ISO8859-9.pcf.gz \
/usr/share/fonts/X11/misc/6x13B.pcf.gz \
/usr/share/fonts/X11/misc/6x13O-ISO8859-1.pcf.gz \
/usr/share/fonts/X11/misc/6x13O-ISO8859-10.pcf.gz \
/usr/share/fonts/X11/misc/6x13O-ISO8859-13.pcf.gz \
/usr/share/fonts/X11/misc/6x13O-ISO8859-14.pcf.gz \
/usr/share/fonts/X11/misc/6x13O-ISO8859-15.pcf.gz \
/usr/share/fonts/X11/misc/6x13O-ISO8859-16.pcf.gz \
/usr/share/fonts/X11/misc/6x13O-ISO8859-2.pcf.gz \
/usr/share/fonts/X11/misc/6x13O-ISO8859-3.pcf.gz \
/usr/share/fonts/X11/misc/6x13O-ISO8859-4.pcf.gz \
/usr/share/fonts/X11/misc/6x13O-ISO8859-5.pcf.gz \
/usr/share/fonts/X11/misc/6x13O-ISO8859-7.pcf.gz \
/usr/share/fonts/X11/misc/6x13O-ISO8859-9.pcf.gz \
/usr/share/fonts/X11/misc/6x13O.pcf.gz \
/usr/share/fonts/X11/misc/6x9-ISO8859-1.pcf.gz \
/usr/share/fonts/X11/misc/6x9-ISO8859-10.pcf.gz \
/usr/share/fonts/X11/misc/6x9-ISO8859-13.pcf.gz \
/usr/share/fonts/X11/misc/6x9-ISO8859-14.pcf.gz \
/usr/share/fonts/X11/misc/6x9-ISO8859-15.pcf.gz \
/usr/share/fonts/X11/misc/6x9-ISO8859-16.pcf.gz \
/usr/share/fonts/X11/misc/6x9-ISO8859-2.pcf.gz \
/usr/share/fonts/X11/misc/6x9-ISO8859-3.pcf.gz \
/usr/share/fonts/X11/misc/6x9-ISO8859-4.pcf.gz \
/usr/share/fonts/X11/misc/6x9-ISO8859-5.pcf.gz \
/usr/share/fonts/X11/misc/6x9-ISO8859-7.pcf.gz \
/usr/share/fonts/X11/misc/6x9-ISO8859-8.pcf.gz \
/usr/share/fonts/X11/misc/6x9-ISO8859-9.pcf.gz \
/usr/share/fonts/X11/misc/6x9-KOI8-R.pcf.gz \
/usr/share/fonts/X11/misc/6x9.pcf.gz \
/usr/share/fonts/X11/misc/7x13-ISO8859-1.pcf.gz \
/usr/share/fonts/X11/misc/7x13-ISO8859-10.pcf.gz \
/usr/share/fonts/X11/misc/7x13-ISO8859-11.pcf.gz \
/usr/share/fonts/X11/misc/7x13-ISO8859-13.pcf.gz \
/usr/share/fonts/X11/misc/7x13-ISO8859-14.pcf.gz \
/usr/share/fonts/X11/misc/7x13-ISO8859-15.pcf.gz \
/usr/share/fonts/X11/misc/7x13-ISO8859-16.pcf.gz \
/usr/share/fonts/X11/misc/7x13-ISO8859-2.pcf.gz \
/usr/share/fonts/X11/misc/7x13-ISO8859-3.pcf.gz \
/usr/share/fonts/X11/misc/7x13-ISO8859-4.pcf.gz \
/usr/share/fonts/X11/misc/7x13-ISO8859-5.pcf.gz \
/usr/share/fonts/X11/misc/7x13-ISO8859-7.pcf.gz \
/usr/share/fonts/X11/misc/7x13-ISO8859-8.pcf.gz \
/usr/share/fonts/X11/misc/7x13-ISO8859-9.pcf.gz \
/usr/share/fonts/X11/misc/7x13-KOI8-R.pcf.gz \
/usr/share/fonts/X11/misc/7x13.pcf.gz \
/usr/share/fonts/X11/misc/7x13B-ISO8859-1.pcf.gz \
/usr/share/fonts/X11/misc/7x13B-ISO8859-10.pcf.gz \
/usr/share/fonts/X11/misc/7x13B-ISO8859-11.pcf.gz \
/usr/share/fonts/X11/misc/7x13B-ISO8859-13.pcf.gz \
/usr/share/fonts/X11/misc/7x13B-ISO8859-14.pcf.gz \
/usr/share/fonts/X11/misc/7x13B-ISO8859-15.pcf.gz \
/usr/share/fonts/X11/misc/7x13B-ISO8859-16.pcf.gz \
/usr/share/fonts/X11/misc/7x13B-ISO8859-2.pcf.gz \
/usr/share/fonts/X11/misc/7x13B-ISO8859-3.pcf.gz \
/usr/share/fonts/X11/misc/7x13B-ISO8859-4.pcf.gz \
/usr/share/fonts/X11/misc/7x13B-ISO8859-5.pcf.gz \
/usr/share/fonts/X11/misc/7x13B-ISO8859-7.pcf.gz \
/usr/share/fonts/X11/misc/7x13B-ISO8859-8.pcf.gz \
/usr/share/fonts/X11/misc/7x13B-ISO8859-9.pcf.gz \
/usr/share/fonts/X11/misc/7x13B.pcf.gz \
/usr/share/fonts/X11/misc/7x13O-ISO8859-1.pcf.gz \
/usr/share/fonts/X11/misc/7x13O-ISO8859-10.pcf.gz \
/usr/share/fonts/X11/misc/7x13O-ISO8859-11.pcf.gz \
/usr/share/fonts/X11/misc/7x13O-ISO8859-13.pcf.gz \
/usr/share/fonts/X11/misc/7x13O-ISO8859-14.pcf.gz \
/usr/share/fonts/X11/misc/7x13O-ISO8859-15.pcf.gz \
/usr/share/fonts/X11/misc/7x13O-ISO8859-16.pcf.gz \
/usr/share/fonts/X11/misc/7x13O-ISO8859-2.pcf.gz \
/usr/share/fonts/X11/misc/7x13O-ISO8859-3.pcf.gz \
/usr/share/fonts/X11/misc/7x13O-ISO8859-4.pcf.gz \
/usr/share/fonts/X11/misc/7x13O-ISO8859-5.pcf.gz \
/usr/share/fonts/X11/misc/7x13O-ISO8859-7.pcf.gz \
/usr/share/fonts/X11/misc/7x13O-ISO8859-9.pcf.gz \
/usr/share/fonts/X11/misc/7x13O.pcf.gz \
/usr/share/fonts/X11/misc/7x14-ISO8859-1.pcf.gz \
/usr/share/fonts/X11/misc/7x14-ISO8859-10.pcf.gz \
/usr/share/fonts/X11/misc/7x14-ISO8859-11.pcf.gz \
/usr/share/fonts/X11/misc/7x14-ISO8859-13.pcf.gz \
/usr/share/fonts/X11/misc/7x14-ISO8859-14.pcf.gz \
/usr/share/fonts/X11/misc/7x14-ISO8859-15.pcf.gz \
/usr/share/fonts/X11/misc/7x14-ISO8859-16.pcf.gz \
/usr/share/fonts/X11/misc/7x14-ISO8859-2.pcf.gz \
/usr/share/fonts/X11/misc/7x14-ISO8859-3.pcf.gz \
/usr/share/fonts/X11/misc/7x14-ISO8859-4.pcf.gz \
/usr/share/fonts/X11/misc/7x14-ISO8859-5.pcf.gz \
/usr/share/fonts/X11/misc/7x14-ISO8859-7.pcf.gz \
/usr/share/fonts/X11/misc/7x14-ISO8859-8.pcf.gz \
/usr/share/fonts/X11/misc/7x14-ISO8859-9.pcf.gz \
/usr/share/fonts/X11/misc/7x14-JISX0201.1976-0.pcf.gz \
/usr/share/fonts/X11/misc/7x14-KOI8-R.pcf.gz \
/usr/share/fonts/X11/misc/7x14.pcf.gz \
/usr/share/fonts/X11/misc/7x14B-ISO8859-1.pcf.gz \
/usr/share/fonts/X11/misc/7x14B-ISO8859-10.pcf.gz \
/usr/share/fonts/X11/misc/7x14B-ISO8859-11.pcf.gz \
/usr/share/fonts/X11/misc/7x14B-ISO8859-13.pcf.gz \
/usr/share/fonts/X11/misc/7x14B-ISO8859-14.pcf.gz \
/usr/share/fonts/X11/misc/7x14B-ISO8859-15.pcf.gz \
/usr/share/fonts/X11/misc/7x14B-ISO8859-16.pcf.gz \
/usr/share/fonts/X11/misc/7x14B-ISO8859-2.pcf.gz \
/usr/share/fonts/X11/misc/7x14B-ISO8859-3.pcf.gz \
/usr/share/fonts/X11/misc/7x14B-ISO8859-4.pcf.gz \
/usr/share/fonts/X11/misc/7x14B-ISO8859-5.pcf.gz \
/usr/share/fonts/X11/misc/7x14B-ISO8859-7.pcf.gz \
/usr/share/fonts/X11/misc/7x14B-ISO8859-8.pcf.gz \
/usr/share/fonts/X11/misc/7x14B-ISO8859-9.pcf.gz \
/usr/share/fonts/X11/misc/7x14B.pcf.gz \
/usr/share/fonts/X11/misc/8x13-ISO8859-1.pcf.gz \
/usr/share/fonts/X11/misc/8x13-ISO8859-10.pcf.gz \
/usr/share/fonts/X11/misc/8x13-ISO8859-13.pcf.gz \
/usr/share/fonts/X11/misc/8x13-ISO8859-14.pcf.gz \
/usr/share/fonts/X11/misc/8x13-ISO8859-15.pcf.gz \
/usr/share/fonts/X11/misc/8x13-ISO8859-16.pcf.gz \
/usr/share/fonts/X11/misc/8x13-ISO8859-2.pcf.gz \
/usr/share/fonts/X11/misc/8x13-ISO8859-3.pcf.gz \
/usr/share/fonts/X11/misc/8x13-ISO8859-4.pcf.gz \
/usr/share/fonts/X11/misc/8x13-ISO8859-5.pcf.gz \
/usr/share/fonts/X11/misc/8x13-ISO8859-7.pcf.gz \
/usr/share/fonts/X11/misc/8x13-ISO8859-8.pcf.gz \
/usr/share/fonts/X11/misc/8x13-ISO8859-9.pcf.gz \
/usr/share/fonts/X11/misc/8x13-KOI8-R.pcf.gz \
/usr/share/fonts/X11/misc/8x13.pcf.gz \
/usr/share/fonts/X11/misc/8x13B-ISO8859-1.pcf.gz \
/usr/share/fonts/X11/misc/8x13B-ISO8859-10.pcf.gz \
/usr/share/fonts/X11/misc/8x13B-ISO8859-13.pcf.gz \
/usr/share/fonts/X11/misc/8x13B-ISO8859-14.pcf.gz \
/usr/share/fonts/X11/misc/8x13B-ISO8859-15.pcf.gz \
/usr/share/fonts/X11/misc/8x13B-ISO8859-16.pcf.gz \
/usr/share/fonts/X11/misc/8x13B-ISO8859-2.pcf.gz \
/usr/share/fonts/X11/misc/8x13B-ISO8859-3.pcf.gz \
/usr/share/fonts/X11/misc/8x13B-ISO8859-4.pcf.gz \
/usr/share/fonts/X11/misc/8x13B-ISO8859-5.pcf.gz \
/usr/share/fonts/X11/misc/8x13B-ISO8859-7.pcf.gz \
/usr/share/fonts/X11/misc/8x13B-ISO8859-8.pcf.gz \
/usr/share/fonts/X11/misc/8x13B-ISO8859-9.pcf.gz \
/usr/share/fonts/X11/misc/8x13B.pcf.gz \
/usr/share/fonts/X11/misc/8x13O-ISO8859-1.pcf.gz \
/usr/share/fonts/X11/misc/8x13O-ISO8859-10.pcf.gz \
/usr/share/fonts/X11/misc/8x13O-ISO8859-13.pcf.gz \
/usr/share/fonts/X11/misc/8x13O-ISO8859-14.pcf.gz \
/usr/share/fonts/X11/misc/8x13O-ISO8859-15.pcf.gz \
/usr/share/fonts/X11/misc/8x13O-ISO8859-16.pcf.gz \
/usr/share/fonts/X11/misc/8x13O-ISO8859-2.pcf.gz \
/usr/share/fonts/X11/misc/8x13O-ISO8859-3.pcf.gz \
/usr/share/fonts/X11/misc/8x13O-ISO8859-4.pcf.gz \
/usr/share/fonts/X11/misc/8x13O-ISO8859-5.pcf.gz \
/usr/share/fonts/X11/misc/8x13O-ISO8859-7.pcf.gz \
/usr/share/fonts/X11/misc/8x13O-ISO8859-9.pcf.gz \
/usr/share/fonts/X11/misc/8x13O.pcf.gz \
/usr/share/fonts/X11/misc/8x16.pcf.gz \
/usr/share/fonts/X11/misc/8x16rk.pcf.gz \
/usr/share/fonts/X11/misc/9x15-ISO8859-1.pcf.gz \
/usr/share/fonts/X11/misc/9x15-ISO8859-10.pcf.gz \
/usr/share/fonts/X11/misc/9x15-ISO8859-11.pcf.gz \
/usr/share/fonts/X11/misc/9x15-ISO8859-13.pcf.gz \
/usr/share/fonts/X11/misc/9x15-ISO8859-14.pcf.gz \
/usr/share/fonts/X11/misc/9x15-ISO8859-15.pcf.gz \
/usr/share/fonts/X11/misc/9x15-ISO8859-16.pcf.gz \
/usr/share/fonts/X11/misc/9x15-ISO8859-2.pcf.gz \
/usr/share/fonts/X11/misc/9x15-ISO8859-3.pcf.gz \
/usr/share/fonts/X11/misc/9x15-ISO8859-4.pcf.gz \
/usr/share/fonts/X11/misc/9x15-ISO8859-5.pcf.gz \
/usr/share/fonts/X11/misc/9x15-ISO8859-7.pcf.gz \
/usr/share/fonts/X11/misc/9x15-ISO8859-8.pcf.gz \
/usr/share/fonts/X11/misc/9x15-ISO8859-9.pcf.gz \
/usr/share/fonts/X11/misc/9x15-KOI8-R.pcf.gz \
/usr/share/fonts/X11/misc/9x15.pcf.gz \
/usr/share/fonts/X11/misc/9x15B-ISO8859-1.pcf.gz \
/usr/share/fonts/X11/misc/9x15B-ISO8859-10.pcf.gz \
/usr/share/fonts/X11/misc/9x15B-ISO8859-11.pcf.gz \
/usr/share/fonts/X11/misc/9x15B-ISO8859-13.pcf.gz \
/usr/share/fonts/X11/misc/9x15B-ISO8859-14.pcf.gz \
/usr/share/fonts/X11/misc/9x15B-ISO8859-15.pcf.gz \
/usr/share/fonts/X11/misc/9x15B-ISO8859-16.pcf.gz \
/usr/share/fonts/X11/misc/9x15B-ISO8859-2.pcf.gz \
/usr/share/fonts/X11/misc/9x15B-ISO8859-3.pcf.gz \
/usr/share/fonts/X11/misc/9x15B-ISO8859-4.pcf.gz \
/usr/share/fonts/X11/misc/9x15B-ISO8859-5.pcf.gz \
/usr/share/fonts/X11/misc/9x15B-ISO8859-7.pcf.gz \
/usr/share/fonts/X11/misc/9x15B-ISO8859-8.pcf.gz \
/usr/share/fonts/X11/misc/9x15B-ISO8859-9.pcf.gz \
/usr/share/fonts/X11/misc/9x15B.pcf.gz \
/usr/share/fonts/X11/misc/9x18-ISO8859-1.pcf.gz \
/usr/share/fonts/X11/misc/9x18-ISO8859-10.pcf.gz \
/usr/share/fonts/X11/misc/9x18-ISO8859-11.pcf.gz \
/usr/share/fonts/X11/misc/9x18-ISO8859-13.pcf.gz \
/usr/share/fonts/X11/misc/9x18-ISO8859-14.pcf.gz \
/usr/share/fonts/X11/misc/9x18-ISO8859-15.pcf.gz \
/usr/share/fonts/X11/misc/9x18-ISO8859-16.pcf.gz \
/usr/share/fonts/X11/misc/9x18-ISO8859-2.pcf.gz \
/usr/share/fonts/X11/misc/9x18-ISO8859-3.pcf.gz \
/usr/share/fonts/X11/misc/9x18-ISO8859-4.pcf.gz \
/usr/share/fonts/X11/misc/9x18-ISO8859-5.pcf.gz \
/usr/share/fonts/X11/misc/9x18-ISO8859-7.pcf.gz \
/usr/share/fonts/X11/misc/9x18-ISO8859-8.pcf.gz \
/usr/share/fonts/X11/misc/9x18-ISO8859-9.pcf.gz \
/usr/share/fonts/X11/misc/9x18-KOI8-R.pcf.gz \
/usr/share/fonts/X11/misc/9x18.pcf.gz \
/usr/share/fonts/X11/misc/9x18B-ISO8859-1.pcf.gz \
/usr/share/fonts/X11/misc/9x18B-ISO8859-10.pcf.gz \
/usr/share/fonts/X11/misc/9x18B-ISO8859-13.pcf.gz \
/usr/share/fonts/X11/misc/9x18B-ISO8859-14.pcf.gz \
/usr/share/fonts/X11/misc/9x18B-ISO8859-15.pcf.gz \
/usr/share/fonts/X11/misc/9x18B-ISO8859-16.pcf.gz \
/usr/share/fonts/X11/misc/9x18B-ISO8859-2.pcf.gz \
/usr/share/fonts/X11/misc/9x18B-ISO8859-3.pcf.gz \
/usr/share/fonts/X11/misc/9x18B-ISO8859-4.pcf.gz \
/usr/share/fonts/X11/misc/9x18B-ISO8859-5.pcf.gz \
/usr/share/fonts/X11/misc/9x18B-ISO8859-7.pcf.gz \
/usr/share/fonts/X11/misc/9x18B-ISO8859-8.pcf.gz \
/usr/share/fonts/X11/misc/9x18B-ISO8859-9.pcf.gz \
/usr/share/fonts/X11/misc/9x18B.pcf.gz \
/usr/share/fonts/X11/misc/arabic24.pcf.gz \
/usr/share/fonts/X11/misc/clB6x10.pcf.gz \
/usr/share/fonts/X11/misc/clB6x12.pcf.gz \
/usr/share/fonts/X11/misc/clB8x10.pcf.gz \
/usr/share/fonts/X11/misc/clB8x12.pcf.gz \
/usr/share/fonts/X11/misc/clB8x13.pcf.gz \
/usr/share/fonts/X11/misc/clB8x14.pcf.gz \
/usr/share/fonts/X11/misc/clB8x16.pcf.gz \
/usr/share/fonts/X11/misc/clB8x8.pcf.gz \
/usr/share/fonts/X11/misc/clB9x15.pcf.gz \
/usr/share/fonts/X11/misc/clI6x12.pcf.gz \
/usr/share/fonts/X11/misc/clI8x8.pcf.gz \
/usr/share/fonts/X11/misc/clR4x6.pcf.gz \
/usr/share/fonts/X11/misc/clR5x10.pcf.gz \
/usr/share/fonts/X11/misc/clR5x6.pcf.gz \
/usr/share/fonts/X11/misc/clR5x8.pcf.gz \
/usr/share/fonts/X11/misc/clR6x10.pcf.gz \
/usr/share/fonts/X11/misc/clR6x12-ISO8859-1.pcf.gz \
/usr/share/fonts/X11/misc/clR6x12-ISO8859-10.pcf.gz \
/usr/share/fonts/X11/misc/clR6x12-ISO8859-13.pcf.gz \
/usr/share/fonts/X11/misc/clR6x12-ISO8859-14.pcf.gz \
/usr/share/fonts/X11/misc/clR6x12-ISO8859-15.pcf.gz \
/usr/share/fonts/X11/misc/clR6x12-ISO8859-16.pcf.gz \
/usr/share/fonts/X11/misc/clR6x12-ISO8859-2.pcf.gz \
/usr/share/fonts/X11/misc/clR6x12-ISO8859-3.pcf.gz \
/usr/share/fonts/X11/misc/clR6x12-ISO8859-4.pcf.gz \
/usr/share/fonts/X11/misc/clR6x12-ISO8859-5.pcf.gz \
/usr/share/fonts/X11/misc/clR6x12-ISO8859-7.pcf.gz \
/usr/share/fonts/X11/misc/clR6x12-ISO8859-8.pcf.gz \
/usr/share/fonts/X11/misc/clR6x12-ISO8859-9.pcf.gz \
/usr/share/fonts/X11/misc/clR6x12-KOI8-R.pcf.gz \
/usr/share/fonts/X11/misc/clR6x12.pcf.gz \
/usr/share/fonts/X11/misc/clR6x13.pcf.gz \
/usr/share/fonts/X11/misc/clR6x6.pcf.gz \
/usr/share/fonts/X11/misc/clR6x8.pcf.gz \
/usr/share/fonts/X11/misc/clR7x10.pcf.gz \
/usr/share/fonts/X11/misc/clR7x12.pcf.gz \
/usr/share/fonts/X11/misc/clR7x14.pcf.gz \
/usr/share/fonts/X11/misc/clR7x8.pcf.gz \
/usr/share/fonts/X11/misc/clR8x10.pcf.gz \
/usr/share/fonts/X11/misc/clR8x12.pcf.gz \
/usr/share/fonts/X11/misc/clR8x13.pcf.gz \
/usr/share/fonts/X11/misc/clR8x14.pcf.gz \
/usr/share/fonts/X11/misc/clR8x16.pcf.gz \
/usr/share/fonts/X11/misc/clR8x8.pcf.gz \
/usr/share/fonts/X11/misc/clR9x15.pcf.gz \
/usr/share/fonts/X11/misc/cu-alt12.pcf.gz \
/usr/share/fonts/X11/misc/cu-arabic12.pcf.gz \
/usr/share/fonts/X11/misc/cu-devnag12.pcf.gz \
/usr/share/fonts/X11/misc/cu-lig12.pcf.gz \
/usr/share/fonts/X11/misc/cu-pua12.pcf.gz \
/usr/share/fonts/X11/misc/cu12.pcf.gz \
/usr/share/fonts/X11/misc/cuarabic12.pcf.gz \
/usr/share/fonts/X11/misc/cudevnag12.pcf.gz \
/usr/share/fonts/X11/misc/cursor.pcf.gz \
/usr/share/fonts/X11/misc/deccurs.pcf.gz \
/usr/share/fonts/X11/misc/decsess.pcf.gz \
/usr/share/fonts/X11/misc/encodings.dir \
/usr/share/fonts/X11/misc/encodings.dir/..namedfork/rsrc \
/usr/share/fonts/X11/misc/encodings.dir/rsrc \
/usr/share/fonts/X11/misc/fonts.alias \
/usr/share/fonts/X11/misc/fonts.alias/..namedfork/rsrc \
/usr/share/fonts/X11/misc/fonts.alias/rsrc \
/usr/share/fonts/X11/misc/fonts.dir \
/usr/share/fonts/X11/misc/fonts.dir/..namedfork/rsrc \
/usr/share/fonts/X11/misc/fonts.dir/rsrc \
/usr/share/fonts/X11/misc/gb16fs.pcf.gz \
/usr/share/fonts/X11/misc/gb16st.pcf.gz \
/usr/share/fonts/X11/misc/gb24st.pcf.gz \
/usr/share/fonts/X11/misc/hanglg16.pcf.gz \
/usr/share/fonts/X11/misc/hanglm16.pcf.gz \
/usr/share/fonts/X11/misc/hanglm24.pcf.gz \
/usr/share/fonts/X11/misc/jiskan16.pcf.gz \
/usr/share/fonts/X11/misc/jiskan24.pcf.gz \
/usr/share/fonts/X11/misc/k14.pcf.gz \
/usr/share/fonts/X11/misc/micro.pcf.gz \
/usr/share/fonts/X11/misc/nil2.pcf.gz \
/usr/share/fonts/X11/misc/olcursor.pcf.gz \
/usr/share/fonts/X11/misc/olgl10.pcf.gz \
/usr/share/fonts/X11/misc/olgl12.pcf.gz \
/usr/share/fonts/X11/misc/olgl14.pcf.gz \
/usr/share/fonts/X11/misc/olgl19.pcf.gz \
/usr/share/fonts/X11/util \
/usr/share/fonts/X11/util/map-ISO8859-1 \
/usr/share/fonts/X11/util/map-ISO8859-10 \
/usr/share/fonts/X11/util/map-ISO8859-11 \
/usr/share/fonts/X11/util/map-ISO8859-13 \
/usr/share/fonts/X11/util/map-ISO8859-14 \
/usr/share/fonts/X11/util/map-ISO8859-15 \
/usr/share/fonts/X11/util/map-ISO8859-16 \
/usr/share/fonts/X11/util/map-ISO8859-2 \
/usr/share/fonts/X11/util/map-ISO8859-3 \
/usr/share/fonts/X11/util/map-ISO8859-4 \
/usr/share/fonts/X11/util/map-ISO8859-5 \
/usr/share/fonts/X11/util/map-ISO8859-6 \
/usr/share/fonts/X11/util/map-ISO8859-7 \
/usr/share/fonts/X11/util/map-ISO8859-8 \
/usr/share/fonts/X11/util/map-ISO8859-9 \
/usr/share/fonts/X11/util/map-JISX0201.1976-0 \
/usr/share/fonts/X11/util/map-KOI8-R \
/usr/share/fonts/cmap \
/usr/share/fonts/cmap/Identity-H \
/usr/share/fonts/cmap/Identity-V \
/usr/share/fonts/cmap/adobe-cns1 \
/usr/share/fonts/cmap/adobe-cns1/Adobe-CNS1-0 \
/usr/share/fonts/cmap/adobe-cns1/Adobe-CNS1-1 \
/usr/share/fonts/cmap/adobe-cns1/Adobe-CNS1-2 \
/usr/share/fonts/cmap/adobe-cns1/Adobe-CNS1-3 \
/usr/share/fonts/cmap/adobe-cns1/Adobe-CNS1-4 \
/usr/share/fonts/cmap/adobe-cns1/Adobe-CNS1-5 \
/usr/share/fonts/cmap/adobe-cns1/Adobe-CNS1-6 \
/usr/share/fonts/cmap/adobe-cns1/Adobe-CNS1-B5pc \
/usr/share/fonts/cmap/adobe-cns1/Adobe-CNS1-ETen-B5 \
/usr/share/fonts/cmap/adobe-cns1/Adobe-CNS1-H-CID \
/usr/share/fonts/cmap/adobe-cns1/Adobe-CNS1-H-Host \
/usr/share/fonts/cmap/adobe-cns1/Adobe-CNS1-H-Mac \
/usr/share/fonts/cmap/adobe-cns1/Adobe-CNS1-UCS2 \
/usr/share/fonts/cmap/adobe-cns1/B5-H \
/usr/share/fonts/cmap/adobe-cns1/B5-V \
/usr/share/fonts/cmap/adobe-cns1/B5pc-H \
/usr/share/fonts/cmap/adobe-cns1/B5pc-UCS2 \
/usr/share/fonts/cmap/adobe-cns1/B5pc-UCS2C \
/usr/share/fonts/cmap/adobe-cns1/B5pc-V \
/usr/share/fonts/cmap/adobe-cns1/CNS-EUC-H \
/usr/share/fonts/cmap/adobe-cns1/CNS-EUC-V \
/usr/share/fonts/cmap/adobe-cns1/CNS1-H \
/usr/share/fonts/cmap/adobe-cns1/CNS1-V \
/usr/share/fonts/cmap/adobe-cns1/CNS2-H \
/usr/share/fonts/cmap/adobe-cns1/CNS2-V \
/usr/share/fonts/cmap/adobe-cns1/ETHK-B5-H \
/usr/share/fonts/cmap/adobe-cns1/ETHK-B5-V \
/usr/share/fonts/cmap/adobe-cns1/ETen-B5-H \
/usr/share/fonts/cmap/adobe-cns1/ETen-B5-UCS2 \
/usr/share/fonts/cmap/adobe-cns1/ETen-B5-V \
/usr/share/fonts/cmap/adobe-cns1/ETenms-B5-H \
/usr/share/fonts/cmap/adobe-cns1/ETenms-B5-V \
/usr/share/fonts/cmap/adobe-cns1/HKdla-B5-H \
/usr/share/fonts/cmap/adobe-cns1/HKdla-B5-V \
/usr/share/fonts/cmap/adobe-cns1/HKdlb-B5-H \
/usr/share/fonts/cmap/adobe-cns1/HKdlb-B5-V \
/usr/share/fonts/cmap/adobe-cns1/HKgccs-B5-H \
/usr/share/fonts/cmap/adobe-cns1/HKgccs-B5-V \
/usr/share/fonts/cmap/adobe-cns1/HKm314-B5-H \
/usr/share/fonts/cmap/adobe-cns1/HKm314-B5-V \
/usr/share/fonts/cmap/adobe-cns1/HKm471-B5-H \
/usr/share/fonts/cmap/adobe-cns1/HKm471-B5-V \
/usr/share/fonts/cmap/adobe-cns1/HKscs-B5-H \
/usr/share/fonts/cmap/adobe-cns1/HKscs-B5-V \
/usr/share/fonts/cmap/adobe-cns1/UCS2-B5pc \
/usr/share/fonts/cmap/adobe-cns1/UCS2-ETen-B5 \
/usr/share/fonts/cmap/adobe-cns1/UniCNS-UCS2-H \
/usr/share/fonts/cmap/adobe-cns1/UniCNS-UCS2-V \
/usr/share/fonts/cmap/adobe-cns1/UniCNS-UTF16-H \
/usr/share/fonts/cmap/adobe-cns1/UniCNS-UTF16-V \
/usr/share/fonts/cmap/adobe-cns1/UniCNS-UTF32-H \
/usr/share/fonts/cmap/adobe-cns1/UniCNS-UTF32-V \
/usr/share/fonts/cmap/adobe-cns1/UniCNS-UTF8-H \
/usr/share/fonts/cmap/adobe-cns1/UniCNS-UTF8-V \
/usr/share/fonts/cmap/adobe-gb1 \
/usr/share/fonts/cmap/adobe-gb1/Adobe-GB1-0 \
/usr/share/fonts/cmap/adobe-gb1/Adobe-GB1-1 \
/usr/share/fonts/cmap/adobe-gb1/Adobe-GB1-2 \
/usr/share/fonts/cmap/adobe-gb1/Adobe-GB1-3 \
/usr/share/fonts/cmap/adobe-gb1/Adobe-GB1-4 \
/usr/share/fonts/cmap/adobe-gb1/Adobe-GB1-5 \
/usr/share/fonts/cmap/adobe-gb1/Adobe-GB1-GBK-EUC \
/usr/share/fonts/cmap/adobe-gb1/Adobe-GB1-GBpc-EUC \
/usr/share/fonts/cmap/adobe-gb1/Adobe-GB1-H-CID \
/usr/share/fonts/cmap/adobe-gb1/Adobe-GB1-H-Host \
/usr/share/fonts/cmap/adobe-gb1/Adobe-GB1-H-Mac \
/usr/share/fonts/cmap/adobe-gb1/Adobe-GB1-UCS2 \
/usr/share/fonts/cmap/adobe-gb1/GB-EUC-H \
/usr/share/fonts/cmap/adobe-gb1/GB-EUC-V \
/usr/share/fonts/cmap/adobe-gb1/GB-H \
/usr/share/fonts/cmap/adobe-gb1/GB-V \
/usr/share/fonts/cmap/adobe-gb1/GBK-EUC-H \
/usr/share/fonts/cmap/adobe-gb1/GBK-EUC-UCS2 \
/usr/share/fonts/cmap/adobe-gb1/GBK-EUC-V \
/usr/share/fonts/cmap/adobe-gb1/GBK2K-H \
/usr/share/fonts/cmap/adobe-gb1/GBK2K-V \
/usr/share/fonts/cmap/adobe-gb1/GBKp-EUC-H \
/usr/share/fonts/cmap/adobe-gb1/GBKp-EUC-V \
/usr/share/fonts/cmap/adobe-gb1/GBT-EUC-H \
/usr/share/fonts/cmap/adobe-gb1/GBT-EUC-V \
/usr/share/fonts/cmap/adobe-gb1/GBT-H \
/usr/share/fonts/cmap/adobe-gb1/GBT-V \
/usr/share/fonts/cmap/adobe-gb1/GBTpc-EUC-H \
/usr/share/fonts/cmap/adobe-gb1/GBTpc-EUC-V \
/usr/share/fonts/cmap/adobe-gb1/GBpc-EUC-H \
/usr/share/fonts/cmap/adobe-gb1/GBpc-EUC-UCS2 \
/usr/share/fonts/cmap/adobe-gb1/GBpc-EUC-UCS2C \
/usr/share/fonts/cmap/adobe-gb1/GBpc-EUC-V \
/usr/share/fonts/cmap/adobe-gb1/UCS2-GBK-EUC \
/usr/share/fonts/cmap/adobe-gb1/UCS2-GBpc-EUC \
/usr/share/fonts/cmap/adobe-gb1/UniGB-UCS2-H \
/usr/share/fonts/cmap/adobe-gb1/UniGB-UCS2-V \
/usr/share/fonts/cmap/adobe-gb1/UniGB-UTF16-H \
/usr/share/fonts/cmap/adobe-gb1/UniGB-UTF16-V \
/usr/share/fonts/cmap/adobe-gb1/UniGB-UTF32-H \
/usr/share/fonts/cmap/adobe-gb1/UniGB-UTF32-V \
/usr/share/fonts/cmap/adobe-gb1/UniGB-UTF8-H \
/usr/share/fonts/cmap/adobe-gb1/UniGB-UTF8-V \
/usr/share/fonts/cmap/adobe-japan1 \
/usr/share/fonts/cmap/adobe-japan1/78-EUC-H \
/usr/share/fonts/cmap/adobe-japan1/78-EUC-V \
/usr/share/fonts/cmap/adobe-japan1/78-H \
/usr/share/fonts/cmap/adobe-japan1/78-RKSJ-H \
/usr/share/fonts/cmap/adobe-japan1/78-RKSJ-V \
/usr/share/fonts/cmap/adobe-japan1/78-V \
/usr/share/fonts/cmap/adobe-japan1/78ms-RKSJ-H \
/usr/share/fonts/cmap/adobe-japan1/78ms-RKSJ-V \
/usr/share/fonts/cmap/adobe-japan1/83pv-RKSJ-H \
/usr/share/fonts/cmap/adobe-japan1/90ms-RKSJ-H \
/usr/share/fonts/cmap/adobe-japan1/90ms-RKSJ-UCS2 \
/usr/share/fonts/cmap/adobe-japan1/90ms-RKSJ-V \
/usr/share/fonts/cmap/adobe-japan1/90msp-RKSJ-H \
/usr/share/fonts/cmap/adobe-japan1/90msp-RKSJ-V \
/usr/share/fonts/cmap/adobe-japan1/90pv-RKSJ-H \
/usr/share/fonts/cmap/adobe-japan1/90pv-RKSJ-UCS2 \
/usr/share/fonts/cmap/adobe-japan1/90pv-RKSJ-UCS2C \
/usr/share/fonts/cmap/adobe-japan1/90pv-RKSJ-V \
/usr/share/fonts/cmap/adobe-japan1/Add-H \
/usr/share/fonts/cmap/adobe-japan1/Add-RKSJ-H \
/usr/share/fonts/cmap/adobe-japan1/Add-RKSJ-V \
/usr/share/fonts/cmap/adobe-japan1/Add-V \
/usr/share/fonts/cmap/adobe-japan1/Adobe-Japan1-0 \
/usr/share/fonts/cmap/adobe-japan1/Adobe-Japan1-1 \
/usr/share/fonts/cmap/adobe-japan1/Adobe-Japan1-2 \
/usr/share/fonts/cmap/adobe-japan1/Adobe-Japan1-3 \
/usr/share/fonts/cmap/adobe-japan1/Adobe-Japan1-4 \
/usr/share/fonts/cmap/adobe-japan1/Adobe-Japan1-5 \
/usr/share/fonts/cmap/adobe-japan1/Adobe-Japan1-6 \
/usr/share/fonts/cmap/adobe-japan1/Adobe-Japan1-90ms-RKSJ \
/usr/share/fonts/cmap/adobe-japan1/Adobe-Japan1-90pv-RKSJ \
/usr/share/fonts/cmap/adobe-japan1/Adobe-Japan1-H-CID \
/usr/share/fonts/cmap/adobe-japan1/Adobe-Japan1-H-Host \
/usr/share/fonts/cmap/adobe-japan1/Adobe-Japan1-H-Mac \
/usr/share/fonts/cmap/adobe-japan1/Adobe-Japan1-PS-H \
/usr/share/fonts/cmap/adobe-japan1/Adobe-Japan1-PS-V \
/usr/share/fonts/cmap/adobe-japan1/Adobe-Japan1-UCS2 \
/usr/share/fonts/cmap/adobe-japan1/EUC-H \
/usr/share/fonts/cmap/adobe-japan1/EUC-V \
/usr/share/fonts/cmap/adobe-japan1/Ext-H \
/usr/share/fonts/cmap/adobe-japan1/Ext-RKSJ-H \
/usr/share/fonts/cmap/adobe-japan1/Ext-RKSJ-V \
/usr/share/fonts/cmap/adobe-japan1/Ext-V \
/usr/share/fonts/cmap/adobe-japan1/H \
/usr/share/fonts/cmap/adobe-japan1/Hankaku \
/usr/share/fonts/cmap/adobe-japan1/Hiragana \
/usr/share/fonts/cmap/adobe-japan1/Hojo-EUC-H \
/usr/share/fonts/cmap/adobe-japan1/Hojo-EUC-V \
/usr/share/fonts/cmap/adobe-japan1/Hojo-H \
/usr/share/fonts/cmap/adobe-japan1/Hojo-V \
/usr/share/fonts/cmap/adobe-japan1/Katakana \
/usr/share/fonts/cmap/adobe-japan1/NWP-H \
/usr/share/fonts/cmap/adobe-japan1/NWP-V \
/usr/share/fonts/cmap/adobe-japan1/RKSJ-H \
/usr/share/fonts/cmap/adobe-japan1/RKSJ-V \
/usr/share/fonts/cmap/adobe-japan1/Roman \
/usr/share/fonts/cmap/adobe-japan1/UCS2-90ms-RKSJ \
/usr/share/fonts/cmap/adobe-japan1/UCS2-90pv-RKSJ \
/usr/share/fonts/cmap/adobe-japan1/UniHojo-UCS2-H \
/usr/share/fonts/cmap/adobe-japan1/UniHojo-UCS2-V \
/usr/share/fonts/cmap/adobe-japan1/UniHojo-UTF16-H \
/usr/share/fonts/cmap/adobe-japan1/UniHojo-UTF16-V \
/usr/share/fonts/cmap/adobe-japan1/UniHojo-UTF32-H \
/usr/share/fonts/cmap/adobe-japan1/UniHojo-UTF32-V \
/usr/share/fonts/cmap/adobe-japan1/UniHojo-UTF8-H \
/usr/share/fonts/cmap/adobe-japan1/UniHojo-UTF8-V \
/usr/share/fonts/cmap/adobe-japan1/UniJIS-UCS2-H \
/usr/share/fonts/cmap/adobe-japan1/UniJIS-UCS2-HW-H \
/usr/share/fonts/cmap/adobe-japan1/UniJIS-UCS2-HW-V \
/usr/share/fonts/cmap/adobe-japan1/UniJIS-UCS2-V \
/usr/share/fonts/cmap/adobe-japan1/UniJIS-UTF16-H \
/usr/share/fonts/cmap/adobe-japan1/UniJIS-UTF16-V \
/usr/share/fonts/cmap/adobe-japan1/UniJIS-UTF32-H \
/usr/share/fonts/cmap/adobe-japan1/UniJIS-UTF32-V \
/usr/share/fonts/cmap/adobe-japan1/UniJIS-UTF8-H \
/usr/share/fonts/cmap/adobe-japan1/UniJIS-UTF8-V \
/usr/share/fonts/cmap/adobe-japan1/UniJIS2004-UTF16-H \
/usr/share/fonts/cmap/adobe-japan1/UniJIS2004-UTF16-V \
/usr/share/fonts/cmap/adobe-japan1/UniJIS2004-UTF32-H \
/usr/share/fonts/cmap/adobe-japan1/UniJIS2004-UTF32-V \
/usr/share/fonts/cmap/adobe-japan1/UniJIS2004-UTF8-H \
/usr/share/fonts/cmap/adobe-japan1/UniJIS2004-UTF8-V \
/usr/share/fonts/cmap/adobe-japan1/UniJISPro-UCS2-HW-V \
/usr/share/fonts/cmap/adobe-japan1/UniJISPro-UCS2-V \
/usr/share/fonts/cmap/adobe-japan1/UniJISPro-UTF8-V \
/usr/share/fonts/cmap/adobe-japan1/UniJISX0213-UTF32-H \
/usr/share/fonts/cmap/adobe-japan1/UniJISX0213-UTF32-V \
/usr/share/fonts/cmap/adobe-japan1/UniJISX02132004-UTF32-H \
/usr/share/fonts/cmap/adobe-japan1/UniJISX02132004-UTF32-V \
/usr/share/fonts/cmap/adobe-japan1/V \
/usr/share/fonts/cmap/adobe-japan1/WP-Symbol \
/usr/share/fonts/cmap/adobe-japan2 \
/usr/share/fonts/cmap/adobe-japan2/Adobe-Japan2-0 \
/usr/share/fonts/cmap/adobe-korea1 \
/usr/share/fonts/cmap/adobe-korea1/Adobe-Korea1-0 \
/usr/share/fonts/cmap/adobe-korea1/Adobe-Korea1-1 \
/usr/share/fonts/cmap/adobe-korea1/Adobe-Korea1-2 \
/usr/share/fonts/cmap/adobe-korea1/Adobe-Korea1-H-CID \
/usr/share/fonts/cmap/adobe-korea1/Adobe-Korea1-H-Host \
/usr/share/fonts/cmap/adobe-korea1/Adobe-Korea1-H-Mac \
/usr/share/fonts/cmap/adobe-korea1/Adobe-Korea1-KSCms-UHC \
/usr/share/fonts/cmap/adobe-korea1/Adobe-Korea1-KSCpc-EUC \
/usr/share/fonts/cmap/adobe-korea1/Adobe-Korea1-UCS2 \
/usr/share/fonts/cmap/adobe-korea1/KSC-EUC-H \
/usr/share/fonts/cmap/adobe-korea1/KSC-EUC-V \
/usr/share/fonts/cmap/adobe-korea1/KSC-H \
/usr/share/fonts/cmap/adobe-korea1/KSC-Johab-H \
/usr/share/fonts/cmap/adobe-korea1/KSC-Johab-V \
/usr/share/fonts/cmap/adobe-korea1/KSC-V \
/usr/share/fonts/cmap/adobe-korea1/KSCms-UHC-H \
/usr/share/fonts/cmap/adobe-korea1/KSCms-UHC-HW-H \
/usr/share/fonts/cmap/adobe-korea1/KSCms-UHC-HW-V \
/usr/share/fonts/cmap/adobe-korea1/KSCms-UHC-UCS2 \
/usr/share/fonts/cmap/adobe-korea1/KSCms-UHC-V \
/usr/share/fonts/cmap/adobe-korea1/KSCpc-EUC-H \
/usr/share/fonts/cmap/adobe-korea1/KSCpc-EUC-UCS2 \
/usr/share/fonts/cmap/adobe-korea1/KSCpc-EUC-UCS2C \
/usr/share/fonts/cmap/adobe-korea1/KSCpc-EUC-V \
/usr/share/fonts/cmap/adobe-korea1/UCS2-KSCms-UHC \
/usr/share/fonts/cmap/adobe-korea1/UCS2-KSCpc-EUC \
/usr/share/fonts/cmap/adobe-korea1/UniKS-UCS2-H \
/usr/share/fonts/cmap/adobe-korea1/UniKS-UCS2-V \
/usr/share/fonts/cmap/adobe-korea1/UniKS-UTF16-H \
/usr/share/fonts/cmap/adobe-korea1/UniKS-UTF16-V \
/usr/share/fonts/cmap/adobe-korea1/UniKS-UTF32-H \
/usr/share/fonts/cmap/adobe-korea1/UniKS-UTF32-V \
/usr/share/fonts/cmap/adobe-korea1/UniKS-UTF8-H \
/usr/share/fonts/cmap/adobe-korea1/UniKS-UTF8-V \
/usr/share/fonts/truetype \
/usr/share/fonts/truetype/dejavu \
/usr/share/fonts/truetype/dejavu/DejaVuSans-Bold.ttf \
/usr/share/fonts/truetype/dejavu/DejaVuSans.ttf \
/usr/share/fonts/truetype/dejavu/DejaVuSansMono-Bold.ttf \
/usr/share/fonts/truetype/dejavu/DejaVuSansMono.ttf \
/usr/share/fonts/truetype/dejavu/DejaVuSerif-Bold.ttf \
/usr/share/fonts/truetype/dejavu/DejaVuSerif.ttf \
/usr/share/fonts/type1 \
/usr/share/fonts/type1/gsfonts \
/usr/share/fonts/type1/gsfonts/a010013l.afm \
/usr/share/fonts/type1/gsfonts/a010013l.pfb \
/usr/share/fonts/type1/gsfonts/a010013l.pfm \
/usr/share/fonts/type1/gsfonts/a010015l.afm \
/usr/share/fonts/type1/gsfonts/a010015l.pfb \
/usr/share/fonts/type1/gsfonts/a010015l.pfm \
/usr/share/fonts/type1/gsfonts/a010033l.afm \
/usr/share/fonts/type1/gsfonts/a010033l.pfb \
/usr/share/fonts/type1/gsfonts/a010033l.pfm \
/usr/share/fonts/type1/gsfonts/a010035l.afm \
/usr/share/fonts/type1/gsfonts/a010035l.pfb \
/usr/share/fonts/type1/gsfonts/a010035l.pfm \
/usr/share/fonts/type1/gsfonts/b018012l.afm \
/usr/share/fonts/type1/gsfonts/b018012l.pfb \
/usr/share/fonts/type1/gsfonts/b018012l.pfm \
/usr/share/fonts/type1/gsfonts/b018015l.afm \
/usr/share/fonts/type1/gsfonts/b018015l.pfb \
/usr/share/fonts/type1/gsfonts/b018015l.pfm \
/usr/share/fonts/type1/gsfonts/b018032l.afm \
/usr/share/fonts/type1/gsfonts/b018032l.pfb \
/usr/share/fonts/type1/gsfonts/b018032l.pfm \
/usr/share/fonts/type1/gsfonts/b018035l.afm \
/usr/share/fonts/type1/gsfonts/b018035l.pfb \
/usr/share/fonts/type1/gsfonts/b018035l.pfm \
/usr/share/fonts/type1/gsfonts/c059013l.afm \
/usr/share/fonts/type1/gsfonts/c059013l.pfb \
/usr/share/fonts/type1/gsfonts/c059013l.pfm \
/usr/share/fonts/type1/gsfonts/c059016l.afm \
/usr/share/fonts/type1/gsfonts/c059016l.pfb \
/usr/share/fonts/type1/gsfonts/c059016l.pfm \
/usr/share/fonts/type1/gsfonts/c059033l.afm \
/usr/share/fonts/type1/gsfonts/c059033l.pfb \
/usr/share/fonts/type1/gsfonts/c059033l.pfm \
/usr/share/fonts/type1/gsfonts/c059036l.afm \
/usr/share/fonts/type1/gsfonts/c059036l.pfb \
/usr/share/fonts/type1/gsfonts/c059036l.pfm \
/usr/share/fonts/type1/gsfonts/d050000l.afm \
/usr/share/fonts/type1/gsfonts/d050000l.pfb \
/usr/share/fonts/type1/gsfonts/d050000l.pfm \
/usr/share/fonts/type1/gsfonts/n019003l.afm \
/usr/share/fonts/type1/gsfonts/n019003l.pfb \
/usr/share/fonts/type1/gsfonts/n019003l.pfm \
/usr/share/fonts/type1/gsfonts/n019004l.afm \
/usr/share/fonts/type1/gsfonts/n019004l.pfb \
/usr/share/fonts/type1/gsfonts/n019004l.pfm \
/usr/share/fonts/type1/gsfonts/n019023l.afm \
/usr/share/fonts/type1/gsfonts/n019023l.pfb \
/usr/share/fonts/type1/gsfonts/n019023l.pfm \
/usr/share/fonts/type1/gsfonts/n019024l.afm \
/usr/share/fonts/type1/gsfonts/n019024l.pfb \
/usr/share/fonts/type1/gsfonts/n019024l.pfm \
/usr/share/fonts/type1/gsfonts/n019043l.afm \
/usr/share/fonts/type1/gsfonts/n019043l.pfb \
/usr/share/fonts/type1/gsfonts/n019043l.pfm \
/usr/share/fonts/type1/gsfonts/n019044l.afm \
/usr/share/fonts/type1/gsfonts/n019044l.pfb \
/usr/share/fonts/type1/gsfonts/n019044l.pfm \
/usr/share/fonts/type1/gsfonts/n019063l.afm \
/usr/share/fonts/type1/gsfonts/n019063l.pfb \
/usr/share/fonts/type1/gsfonts/n019063l.pfm \
/usr/share/fonts/type1/gsfonts/n019064l.afm \
/usr/share/fonts/type1/gsfonts/n019064l.pfb \
/usr/share/fonts/type1/gsfonts/n019064l.pfm \
/usr/share/fonts/type1/gsfonts/n021003l.afm \
/usr/share/fonts/type1/gsfonts/n021003l.pfb \
/usr/share/fonts/type1/gsfonts/n021003l.pfm \
/usr/share/fonts/type1/gsfonts/n021004l.afm \
/usr/share/fonts/type1/gsfonts/n021004l.pfb \
/usr/share/fonts/type1/gsfonts/n021004l.pfm \
/usr/share/fonts/type1/gsfonts/n021023l.afm \
/usr/share/fonts/type1/gsfonts/n021023l.pfb \
/usr/share/fonts/type1/gsfonts/n021023l.pfm \
/usr/share/fonts/type1/gsfonts/n021024l.afm \
/usr/share/fonts/type1/gsfonts/n021024l.pfb \
/usr/share/fonts/type1/gsfonts/n021024l.pfm \
/usr/share/fonts/type1/gsfonts/n022003l.afm \
/usr/share/fonts/type1/gsfonts/n022003l.pfb \
/usr/share/fonts/type1/gsfonts/n022003l.pfm \
/usr/share/fonts/type1/gsfonts/n022004l.afm \
/usr/share/fonts/type1/gsfonts/n022004l.pfb \
/usr/share/fonts/type1/gsfonts/n022004l.pfm \
/usr/share/fonts/type1/gsfonts/n022023l.afm \
/usr/share/fonts/type1/gsfonts/n022023l.pfb \
/usr/share/fonts/type1/gsfonts/n022023l.pfm \
/usr/share/fonts/type1/gsfonts/n022024l.afm \
/usr/share/fonts/type1/gsfonts/n022024l.pfb \
/usr/share/fonts/type1/gsfonts/n022024l.pfm \
/usr/share/fonts/type1/gsfonts/p052003l.afm \
/usr/share/fonts/type1/gsfonts/p052003l.pfb \
/usr/share/fonts/type1/gsfonts/p052003l.pfm \
/usr/share/fonts/type1/gsfonts/p052004l.afm \
/usr/share/fonts/type1/gsfonts/p052004l.pfb \
/usr/share/fonts/type1/gsfonts/p052004l.pfm \
/usr/share/fonts/type1/gsfonts/p052023l.afm \
/usr/share/fonts/type1/gsfonts/p052023l.pfb \
/usr/share/fonts/type1/gsfonts/p052023l.pfm \
/usr/share/fonts/type1/gsfonts/p052024l.afm \
/usr/share/fonts/type1/gsfonts/p052024l.pfb \
/usr/share/fonts/type1/gsfonts/p052024l.pfm \
/usr/share/fonts/type1/gsfonts/s050000l.afm \
/usr/share/fonts/type1/gsfonts/s050000l.pfb \
/usr/share/fonts/type1/gsfonts/s050000l.pfm \
/usr/share/fonts/type1/gsfonts/z003034l.afm \
/usr/share/fonts/type1/gsfonts/z003034l.pfb \
/usr/share/fonts/type1/gsfonts/z003034l.pfm \
/usr/share/glib-2.0/schemas/gschemas.compiled \
/usr/share/locale/locale.alias \
/usr/share/poppler/cMap/Adobe-CNS1 \
/usr/share/poppler/cMap/Adobe-GB1 \
/usr/share/poppler/cMap/Adobe-Japan1 \
/usr/share/poppler/cMap/Adobe-Japan2 \
/usr/share/poppler/cMap/Adobe-Korea1 \
/usr/share/poppler/cMap/Identity-H \
/usr/share/poppler/cMap/Identity-V \
/usr/share/zoneinfo/Zulu \
/var/cache/fontconfig//188ac73a183f12857f63bb60a4a6d603-le64.cache-6 \
/var/cache/fontconfig//3830d5c3ddfd5cd38a049b759396e72e-le64.cache-6 \
/var/cache/fontconfig//4c599c202bc5c08e2d34565a40eac3b2-le64.cache-6 \
/var/cache/fontconfig//57e423e26b20ab21d0f2f29c145174c3-le64.cache-6 \
/var/cache/fontconfig//6333f38776742d18e214673cd2c24e34-le64.cache-6 \
/var/cache/fontconfig//707971e003b4ae6c8121c3a920e507f5-le64.cache-6 \
/var/cache/fontconfig//7ef2298fde41cc6eeb7af42e48b7d293-le64.cache-6 \
/var/cache/fontconfig//945677eb7aeaf62f1d50efc3fb3ec7d8-le64.cache-6 \
/var/cache/fontconfig//95530828ff6c81d309f8258d8d02a23e-le64.cache-6 \
/var/cache/fontconfig//c855463f699352c367813e37f3f70ea7-le64.cache-6 \
/var/cache/fontconfig//cabbd14511b9e8a55e92af97fb3a0461-le64.cache-6 \
/var/cache/fontconfig//cabbd14511b9e8a55e92af97fb3a0461-le64.cache-6.NEW \
/var/cache/fontconfig//cabbd14511b9e8a55e92af97fb3a0461-le64.cache-6.TMP-v8BSTP \
/var/cache/fontconfig//d3e5c4ee2ceb1fc347f91d4cefc53bc0-le64.cache-6 \
/var/cache/fontconfig//d589a48862398ed80a3d6066f4f56f4c-le64.cache-6 \
/var/cache/fontconfig//d82eb4fd963d448e2fcb7d7b793b5df3-le64.cache-6 \
/var/cache/fontconfig//e52a45a1c8c8fe895fc0fc8c4e6999b8-le64.cache-6 \
/var/cache/fontconfig//f1f2465696798768e9653f19e17ccdc8-le64.cache-6 \
/var/cache/fontconfig//fe547fea3a41b43a38975d292a2b19c7-le64.cache-6 \
/var/lib/xkb/server-1.xkm \
